SRR941816
9043877 reads; of these:
  9043877 (100.00%) were unpaired; of these:
    512974 (5.67%) aligned 0 times
    7930572 (87.69%) aligned exactly 1 time
    600331 (6.64%) aligned >1 times
94.33% overall alignment rate


SRR941817
9929568 reads; of these:
  9929568 (100.00%) were unpaired; of these:
    505209 (5.09%) aligned 0 times
    8645374 (87.07%) aligned exactly 1 time
    778985 (7.85%) aligned >1 times
94.91% overall alignment rate


SRR941818
1721675 reads; of these:
  1721675 (100.00%) were unpaired; of these:
    65077 (3.78%) aligned 0 times
    1507999 (87.59%) aligned exactly 1 time
    148599 (8.63%) aligned >1 times
96.22% overall alignment rate


SRR941819
6172452 reads; of these:
  6172452 (100.00%) were unpaired; of these:
    229694 (3.72%) aligned 0 times
    5368114 (86.97%) aligned exactly 1 time
    574644 (9.31%) aligned >1 times
96.28% overall alignment rate


